probe: 11/11 roster seats available, 0 substitutions
judging: 1680 seat-calls to run (0 already checkpointed; tokens so far 0)
  40/1680 judgments (tokens: 20384)
  80/1680 judgments (tokens: 90955)
probe: 11/11 roster seats available, 0 substitutions
judging: 1600 seat-calls to run (80 already checkpointed; tokens so far 90955)
  40/1600 judgments (tokens: 152747)
  80/1600 judgments (tokens: 163060)
  120/1600 judgments (tokens: 183835)
  160/1600 judgments (tokens: 205244)
  200/1600 judgments (tokens: 214169)
  240/1600 judgments (tokens: 234539)
  280/1600 judgments (tokens: 255629)
  320/1600 judgments (tokens: 264568)
  360/1600 judgments (tokens: 284682)
  400/1600 judgments (tokens: 305951)
  440/1600 judgments (tokens: 314907)
  480/1600 judgments (tokens: 335490)
  520/1600 judgments (tokens: 357109)
  560/1600 judgments (tokens: 365689)
  600/1600 judgments (tokens: 386330)
  640/1600 judgments (tokens: 408191)
  680/1600 judgments (tokens: 439538)
  720/1600 judgments (tokens: 750893)
  760/1600 judgments (tokens: 1070094)
  800/1600 judgments (tokens: 1086683)
  840/1600 judgments (tokens: 1114140)
  880/1600 judgments (tokens: 1136118)
  920/1600 judgments (tokens: 1145919)
  960/1600 judgments (tokens: 1166917)
  1000/1600 judgments (tokens: 1188696)
  1040/1600 judgments (tokens: 1198676)
  1080/1600 judgments (tokens: 1219859)
  1120/1600 judgments (tokens: 1241855)
  1160/1600 judgments (tokens: 1252813)
  1200/1600 judgments (tokens: 1273402)
  1240/1600 judgments (tokens: 1295046)
  1280/1600 judgments (tokens: 1311186)
  1320/1600 judgments (tokens: 1368875)
  1360/1600 judgments (tokens: 1426541)
  1400/1600 judgments (tokens: 1445482)
  1440/1600 judgments (tokens: 1472997)
  1480/1600 judgments (tokens: 1501212)
Traceback (most recent call last):
  File "/home/user/DeepReason/scripts/e02_t3_run.py", line 284, in <module>
    sys.exit(main())
             ^^^^^^
  File "/home/user/DeepReason/scripts/e02_t3_run.py", line 276, in main
    run(out_dir, roster, items, ledger)
  File "/home/user/DeepReason/scripts/e02_t3_run.py", line 259, in run
    future.result()  # propagate budget exhaustion
    ^^^^^^^^^^^^^^^
  File "/usr/lib/python3.11/concurrent/futures/_base.py", line 449, in result
    return self.__get_result()
           ^^^^^^^^^^^^^^^^^^^
  File "/usr/lib/python3.11/concurrent/futures/_base.py", line 401, in __get_result
    raise self._exception
  File "/usr/lib/python3.11/concurrent/futures/thread.py", line 58, in run
    result = self.fn(*self.args, **self.kwargs)
             ^^^^^^^^^^^^^^^^^^^^^^^^^^^^^^^^^^
  File "/home/user/DeepReason/scripts/e02_t3_run.py", line 246, in worker
    rec = judge_one(item, seat_id, model, reasoning, max_tokens, ledger)
          ^^^^^^^^^^^^^^^^^^^^^^^^^^^^^^^^^^^^^^^^^^^^^^^^^^^^^^^^^^^^^^
  File "/home/user/DeepReason/scripts/e02_t3_run.py", line 150, in judge_one
    ledger.check()
  File "/home/user/DeepReason/scripts/e02_adversary.py", line 85, in check
    raise RuntimeError(
RuntimeError: E0.2 token budget exhausted: 1500494/1500000
